<?xml version="1.0" encoding="UTF-8"?>
<testng-results skipped="0" failed="0" ignored="0" total="5" passed="5">
  <reporter-output>
  </reporter-output>
  <suite name="Default suite" duration-ms="189259" started-at="2019-11-06T19:45:19 GMT" finished-at="2019-11-06T19:48:29 GMT">
    <groups>
    </groups>
    <test name="Default test" duration-ms="189259" started-at="2019-11-06T19:45:19 GMT" finished-at="2019-11-06T19:48:29 GMT">
      <class name="com.qa.hubspot.tests.ContactsPageTest">
        <test-method status="PASS" signature="setUP()[pri:0, instance:com.qa.hubspot.tests.ContactsPageTest@7d0587f1]" name="setUP" is-config="true" duration-ms="27542" started-at="2019-11-06T19:45:19 GMT" finished-at="2019-11-06T19:45:47 GMT">
          <reporter-output>
          </reporter-output>
        </test-method> <!-- setUP -->
        <test-method status="PASS" signature="verifyContactsPageTitle()[pri:1, instance:com.qa.hubspot.tests.ContactsPageTest@7d0587f1]" name="verifyContactsPageTitle" duration-ms="1021" started-at="2019-11-06T19:45:47 GMT" finished-at="2019-11-06T19:45:48 GMT">
          <reporter-output>
          </reporter-output>
        </test-method> <!-- verifyContactsPageTitle -->
        <test-method status="PASS" signature="tearDown()[pri:0, instance:com.qa.hubspot.tests.ContactsPageTest@7d0587f1]" name="tearDown" is-config="true" duration-ms="932" started-at="2019-11-06T19:45:48 GMT" finished-at="2019-11-06T19:45:49 GMT">
          <reporter-output>
          </reporter-output>
        </test-method> <!-- tearDown -->
        <test-method status="PASS" signature="setUP()[pri:0, instance:com.qa.hubspot.tests.ContactsPageTest@7d0587f1]" name="setUP" is-config="true" duration-ms="24969" started-at="2019-11-06T19:45:50 GMT" finished-at="2019-11-06T19:46:15 GMT">
          <reporter-output>
          </reporter-output>
        </test-method> <!-- setUP -->
        <test-method status="PASS" signature="createContactsTest(java.lang.String, java.lang.String, java.lang.String, java.lang.String)[pri:2, instance:com.qa.hubspot.tests.ContactsPageTest@7d0587f1]" name="createContactsTest" duration-ms="10845" started-at="2019-11-06T19:46:15 GMT" data-provider="getcontactsTestData" finished-at="2019-11-06T19:46:26 GMT">
          <params>
            <param index="0">
              <value>
                <![CDATA[gulnaz@gmail.com]]>
              </value>
            </param>
            <param index="1">
              <value>
                <![CDATA[gulnaz]]>
              </value>
            </param>
            <param index="2">
              <value>
                <![CDATA[p]]>
              </value>
            </param>
            <param index="3">
              <value>
                <![CDATA[QA]]>
              </value>
            </param>
          </params>
          <reporter-output>
          </reporter-output>
        </test-method> <!-- createContactsTest -->
        <test-method status="PASS" signature="tearDown()[pri:0, instance:com.qa.hubspot.tests.ContactsPageTest@7d0587f1]" name="tearDown" is-config="true" duration-ms="1009" started-at="2019-11-06T19:46:26 GMT" finished-at="2019-11-06T19:46:27 GMT">
          <reporter-output>
          </reporter-output>
        </test-method> <!-- tearDown -->
        <test-method status="PASS" signature="setUP()[pri:0, instance:com.qa.hubspot.tests.ContactsPageTest@7d0587f1]" name="setUP" is-config="true" duration-ms="25633" started-at="2019-11-06T19:46:27 GMT" finished-at="2019-11-06T19:46:53 GMT">
          <reporter-output>
          </reporter-output>
        </test-method> <!-- setUP -->
        <test-method status="PASS" signature="createContactsTest(java.lang.String, java.lang.String, java.lang.String, java.lang.String)[pri:2, instance:com.qa.hubspot.tests.ContactsPageTest@7d0587f1]" name="createContactsTest" duration-ms="12425" started-at="2019-11-06T19:46:53 GMT" data-provider="getcontactsTestData" finished-at="2019-11-06T19:47:05 GMT">
          <params>
            <param index="0">
              <value>
                <![CDATA[sucheta@gmail.com]]>
              </value>
            </param>
            <param index="1">
              <value>
                <![CDATA[sucheta]]>
              </value>
            </param>
            <param index="2">
              <value>
                <![CDATA[m]]>
              </value>
            </param>
            <param index="3">
              <value>
                <![CDATA[QADirector]]>
              </value>
            </param>
          </params>
          <reporter-output>
          </reporter-output>
        </test-method> <!-- createContactsTest -->
        <test-method status="PASS" signature="tearDown()[pri:0, instance:com.qa.hubspot.tests.ContactsPageTest@7d0587f1]" name="tearDown" is-config="true" duration-ms="1033" started-at="2019-11-06T19:47:05 GMT" finished-at="2019-11-06T19:47:06 GMT">
          <reporter-output>
          </reporter-output>
        </test-method> <!-- tearDown -->
        <test-method status="PASS" signature="setUP()[pri:0, instance:com.qa.hubspot.tests.ContactsPageTest@7d0587f1]" name="setUP" is-config="true" duration-ms="25317" started-at="2019-11-06T19:47:06 GMT" finished-at="2019-11-06T19:47:32 GMT">
          <reporter-output>
          </reporter-output>
        </test-method> <!-- setUP -->
        <test-method status="PASS" signature="createContactsTest(java.lang.String, java.lang.String, java.lang.String, java.lang.String)[pri:2, instance:com.qa.hubspot.tests.ContactsPageTest@7d0587f1]" name="createContactsTest" duration-ms="12962" started-at="2019-11-06T19:47:32 GMT" data-provider="getcontactsTestData" finished-at="2019-11-06T19:47:45 GMT">
          <params>
            <param index="0">
              <value>
                <![CDATA[pallavi@gmail.com]]>
              </value>
            </param>
            <param index="1">
              <value>
                <![CDATA[pallavi]]>
              </value>
            </param>
            <param index="2">
              <value>
                <![CDATA[k]]>
              </value>
            </param>
            <param index="3">
              <value>
                <![CDATA[QA Lead]]>
              </value>
            </param>
          </params>
          <reporter-output>
          </reporter-output>
        </test-method> <!-- createContactsTest -->
        <test-method status="PASS" signature="tearDown()[pri:0, instance:com.qa.hubspot.tests.ContactsPageTest@7d0587f1]" name="tearDown" is-config="true" duration-ms="1380" started-at="2019-11-06T19:47:45 GMT" finished-at="2019-11-06T19:47:46 GMT">
          <reporter-output>
          </reporter-output>
        </test-method> <!-- tearDown -->
        <test-method status="PASS" signature="setUP()[pri:0, instance:com.qa.hubspot.tests.ContactsPageTest@7d0587f1]" name="setUP" is-config="true" duration-ms="29755" started-at="2019-11-06T19:47:46 GMT" finished-at="2019-11-06T19:48:16 GMT">
          <reporter-output>
          </reporter-output>
        </test-method> <!-- setUP -->
        <test-method status="PASS" signature="createContactsTest(java.lang.String, java.lang.String, java.lang.String, java.lang.String)[pri:2, instance:com.qa.hubspot.tests.ContactsPageTest@7d0587f1]" name="createContactsTest" duration-ms="11676" started-at="2019-11-06T19:48:16 GMT" data-provider="getcontactsTestData" finished-at="2019-11-06T19:48:27 GMT">
          <params>
            <param index="0">
              <value>
                <![CDATA[ali@gmail.com]]>
              </value>
            </param>
            <param index="1">
              <value>
                <![CDATA[ali]]>
              </value>
            </param>
            <param index="2">
              <value>
                <![CDATA[a]]>
              </value>
            </param>
            <param index="3">
              <value>
                <![CDATA[Dev Lead]]>
              </value>
            </param>
          </params>
          <reporter-output>
          </reporter-output>
        </test-method> <!-- createContactsTest -->
        <test-method status="PASS" signature="tearDown()[pri:0, instance:com.qa.hubspot.tests.ContactsPageTest@7d0587f1]" name="tearDown" is-config="true" duration-ms="1173" started-at="2019-11-06T19:48:27 GMT" finished-at="2019-11-06T19:48:29 GMT">
          <reporter-output>
          </reporter-output>
        </test-method> <!-- tearDown -->
      </class> <!-- com.qa.hubspot.tests.ContactsPageTest -->
    </test> <!-- Default test -->
  </suite> <!-- Default suite -->
</testng-results>
